c:\users\bojan\appdata\local\temp\irmagent.log
c:\users\bojan\desktop\siit\iv semestar\paralelno programiranje\integralprojekat\integralprojekat\release\integralprojekat.tlog\icl-intelremotemonserver-intelremotemonagent-intelremotemonagent2.read.1.tlog
c:\users\bojan\appdata\local\microsoft\clr_v4.0\usagelogs\intelremotemonagent2.exe.log
c:\users\bojan\desktop\siit\iv semestar\paralelno programiranje\integralprojekat\integralprojekat\release\main.obj
c:\users\bojan\desktop\siit\iv semestar\paralelno programiranje\integralprojekat\integralprojekat\release\serial.obj
c:\users\bojan\desktop\siit\iv semestar\paralelno programiranje\integralprojekat\integralprojekat\release\parallel.obj
c:\users\bojan\desktop\siit\iv semestar\paralelno programiranje\integralprojekat\integralprojekat\release\serijska.obj
c:\users\bojan\desktop\siit\iv semestar\paralelno programiranje\integralprojekat\integralprojekat\release\paralelna.obj
c:\users\bojan\appdata\local\temp\lnk{b1777244-c2aa-4fb9-be93-61dc2bdbed70}.tmp
c:\users\bojan\appdata\local\temp\lnk{cedf0c63-0a24-4a9c-a96e-a874685160d0}.tmp
c:\users\bojan\appdata\local\temp\lnk{0428b0ab-dc2e-462e-b97a-6127bee80935}.tmp
c:\users\bojan\appdata\local\temp\lnk{996b5fe9-7e2f-409a-b7af-c7f27501b2c1}.tmp
c:\users\bojan\appdata\local\temp\lnk{3726765f-6a83-437d-b7b9-e41f490d5ad1}.tmp
c:\users\bojan\appdata\local\temp\lnk{efb8afb9-c2fa-4efd-bfe4-3201d2e65c2d}.tmp
c:\users\bojan\appdata\local\temp\lnk{1c11fbc2-a2b8-4a9b-8394-62cdbca91382}.tmp
c:\users\bojan\appdata\local\temp\lnk{844869ea-5628-4fbc-8ff1-05003ce423c0}.tmp
c:\users\bojan\appdata\local\temp\lnk{21a3dc16-0d47-45ba-a4e6-37640de4d6c9}.tmp
c:\users\bojan\appdata\local\temp\lnk{7557e8ed-63a2-449f-9dc0-1dc33a527f2b}.tmp
c:\users\bojan\appdata\local\temp\lnk{5864d4cb-3b14-419e-a24e-80d2ee65ac47}.tmp
c:\users\bojan\appdata\local\temp\lnk{b9f7fccf-8fd6-4035-9da0-fc67706e342c}.tmp
c:\users\bojan\appdata\local\temp\lnk{ad6b4dc2-328f-45a4-b62f-3afe082a5f9a}.tmp
c:\users\bojan\appdata\local\temp\lnk{fc3ab574-d806-4c56-8183-d30f21b90db7}.tmp
c:\users\bojan\appdata\local\temp\lnk{9ada8e82-8f8c-4563-9865-754147523edf}.tmp
c:\users\bojan\appdata\local\temp\lnk{fbd841a4-5561-4f40-82c1-757ce73287c3}.tmp
c:\users\bojan\appdata\local\temp\lnk{c929594d-6a76-4562-8d71-80d383a36e2e}.tmp
c:\users\bojan\appdata\local\temp\lnk{25984e5d-a31a-47d2-902c-a17e19aaa7ae}.tmp
c:\users\bojan\appdata\local\temp\lnk{f3a939a1-3bba-4e61-a3b0-f39bb790fb89}.tmp
c:\users\bojan\appdata\local\temp\lnk{ae5dc872-2b47-4f81-8adf-064be17a4e12}.tmp
c:\users\bojan\appdata\local\temp\lnk{c0d628e4-9305-49c2-8eca-64d4a495ca2e}.tmp
c:\users\bojan\appdata\local\temp\lnk{c13ecf94-3a8f-4226-ba48-dff9ea4b4364}.tmp
c:\users\bojan\appdata\local\temp\lnk{c85820a1-ad93-4a45-a96b-3bd06f910ef0}.tmp
c:\users\bojan\appdata\local\temp\lnk{c48befbd-0052-4261-b935-2c8a2107d437}.tmp
c:\users\bojan\appdata\local\temp\lnk{f3591a8c-1077-4a00-b97d-494f90e39324}.tmp
c:\users\bojan\appdata\local\temp\lnk{368946ad-9eb9-4185-8867-349799a632d6}.tmp
c:\users\bojan\appdata\local\temp\lnk{a0295dcc-ebc1-46e1-a257-56e8b48ec4a0}.tmp
c:\users\bojan\appdata\local\temp\lnk{77466317-ad97-4cfb-a55d-00de0cc90019}.tmp
c:\users\bojan\appdata\local\temp\lnk{edf61e94-c025-4d77-970e-ebc37211e35b}.tmp
c:\users\bojan\appdata\local\temp\lnk{252020e3-6a74-4a13-a00c-58d7fda83244}.tmp
c:\users\bojan\appdata\local\temp\lnk{b1893245-c5b0-4bd2-a933-503ab8255ec3}.tmp
c:\users\bojan\appdata\local\temp\lnk{45505652-b452-44fc-a330-6e66d1d6611d}.tmp
c:\users\bojan\appdata\local\temp\lnk{0debaf95-3018-4ccf-8e9a-39d59d02d79c}.tmp
c:\users\bojan\appdata\local\temp\lnk{664156ca-1aa6-43b8-ad85-bfb7f31ef726}.tmp
c:\users\bojan\appdata\local\temp\lnk{9f27502a-61f3-4da9-9179-eef8f64304a8}.tmp
c:\users\bojan\appdata\local\temp\lnk{9317cb5e-e7ea-4e9d-8bf4-d2826086969c}.tmp
c:\users\bojan\appdata\local\temp\lnk{43ee9db7-a286-4790-8307-25f7220685c8}.tmp
c:\users\bojan\appdata\local\temp\lnk{e29340d8-f2d3-439a-b18d-4fde55c16d6a}.tmp
c:\users\bojan\appdata\local\temp\lnk{cab6bdae-8c32-4dec-90bd-6e40aaa4ee82}.tmp
c:\users\bojan\appdata\local\temp\lnk{3e932574-66ed-4a29-a8d5-c5ab64f73017}.tmp
c:\users\bojan\appdata\local\temp\lnk{4cad52bc-298c-45e4-8b46-090893bdd52b}.tmp
c:\users\bojan\appdata\local\temp\lnk{11a5c74f-210b-4125-a250-d983535339b2}.tmp
c:\users\bojan\appdata\local\temp\lnk{48fb75c0-fdf2-4368-9032-29c2d79ba827}.tmp
c:\users\bojan\appdata\local\temp\lnk{68d17016-86cf-4e27-8975-424660d2eeba}.tmp
c:\users\bojan\appdata\local\temp\lnk{4f23b33e-e054-42df-84d6-f994d22fd4fa}.tmp
c:\users\bojan\appdata\local\temp\lnk{ab32ef24-68b7-4c98-909f-0438a7e5c9d9}.tmp
c:\users\bojan\appdata\local\temp\lnk{6b11f529-fe69-4d2c-a2cc-aec611038ba2}.tmp
c:\users\bojan\appdata\local\temp\lnk{74608b0c-5613-490d-889b-b18640ab210c}.tmp
c:\users\bojan\appdata\local\temp\lnk{6c274ffb-adb0-486d-b151-a65182d27bc7}.tmp
c:\users\bojan\appdata\local\temp\lnk{eff287f0-82bf-4ada-87e6-fe49ee6e4d2e}.tmp
c:\users\bojan\appdata\local\temp\lnk{cf72ff76-e5e0-4d85-8143-542c83897a12}.tmp
c:\users\bojan\appdata\local\temp\lnk{938f17c1-e12f-417b-918c-119f60f892e6}.tmp
c:\users\bojan\appdata\local\temp\lnk{dab03cf8-6352-4082-a168-9d64d2fa335a}.tmp
c:\users\bojan\appdata\local\temp\lnk{3a238dec-4ff7-4dfc-97c9-2066db8d0485}.tmp
c:\users\bojan\appdata\local\temp\lnk{5ef04753-d6e9-463e-afe1-190160a6f669}.tmp
c:\users\bojan\appdata\local\temp\lnk{7a6c7e66-6470-4a52-afd4-855e37dbeb50}.tmp
c:\users\bojan\appdata\local\temp\lnk{914203e2-9827-4de3-83f6-f2092d3239cb}.tmp
c:\users\bojan\appdata\local\temp\lnk{bc1325e6-3d24-4840-849f-b8d743cac55e}.tmp
c:\users\bojan\appdata\local\temp\lnk{6243554e-8664-4868-b0b9-caf1203b5d92}.tmp
c:\users\bojan\appdata\local\temp\lnk{b2c78574-707e-48d3-a4c6-d2bc44147612}.tmp
c:\users\bojan\appdata\local\temp\lnk{df78258f-7538-4f56-aa02-a8b94a10cd61}.tmp
c:\users\bojan\appdata\local\temp\lnk{b2c28dce-86f1-40df-80d3-92604bcaa81e}.tmp
c:\users\bojan\appdata\local\temp\lnk{d28bd9e9-d0cc-44ed-acca-5b1c9c1d46ee}.tmp
c:\users\bojan\appdata\local\temp\lnk{5f59148e-8b38-4054-8194-cf0b56418702}.tmp
c:\users\bojan\appdata\local\temp\lnk{509cad57-3a7b-4272-894c-a5193ad71260}.tmp
c:\users\bojan\appdata\local\temp\lnk{a1b42f1f-8b0d-45af-a564-7402aae7f1f4}.tmp
c:\users\bojan\appdata\local\temp\lnk{449ed2cd-6ea9-4ce7-ae73-46fabfc9f44d}.tmp
c:\users\bojan\appdata\local\temp\lnk{1470e956-e3bc-4961-b0f0-e4332d365402}.tmp
c:\users\bojan\appdata\local\temp\lnk{a7a844cf-45e6-44fb-8d33-3acf55adeb30}.tmp
c:\users\bojan\appdata\local\temp\lnk{88ab029c-45f6-4e59-8c7f-7ae43b2b37bc}.tmp
c:\users\bojan\appdata\local\temp\lnk{0fd5506f-360b-4942-b5d0-2b840f31c3e7}.tmp
c:\users\bojan\appdata\local\temp\lnk{55ecca0f-d467-471e-acc2-6822fe3c19bf}.tmp
c:\users\bojan\appdata\local\temp\lnk{64323d47-eb98-4eed-8681-7eb41f0d1e7e}.tmp
c:\users\bojan\appdata\local\temp\lnk{2d213b9a-94e8-449f-9d15-3dc6f2315d35}.tmp
c:\users\bojan\appdata\local\temp\lnk{4bb8daf2-0ae2-4463-b5df-1da748ca5043}.tmp
c:\users\bojan\appdata\local\temp\lnk{50b1a19a-c0ba-4183-8630-e9aafc7eb6c8}.tmp
c:\users\bojan\appdata\local\temp\lnk{ac113790-0264-47ad-8936-6933ce7264ff}.tmp
c:\users\bojan\appdata\local\temp\lnk{7809177f-1046-468f-a059-2f3e2e7641f0}.tmp
c:\users\bojan\appdata\local\temp\lnk{a5538f47-0ca2-4cf9-8c0e-b3657af2e09f}.tmp
c:\users\bojan\appdata\local\temp\lnk{80e53b32-3ae9-42af-bd36-dab4b2fe2372}.tmp
c:\users\bojan\appdata\local\temp\lnk{d8c6b551-0acf-44e0-acd2-fb46cfe6b3b6}.tmp
c:\users\bojan\appdata\local\temp\lnk{e39b5f0a-2a34-4ea1-b797-405215c4cdaf}.tmp
c:\users\bojan\appdata\local\temp\lnk{e6e4eafa-b9ab-4ced-8b09-4537c4c5886a}.tmp
c:\users\bojan\appdata\local\temp\lnk{375f53ec-4f58-4d7e-9a99-e06c2d654853}.tmp
c:\users\bojan\appdata\local\temp\lnk{bc73f959-a717-4b19-9123-7f098e28295c}.tmp
c:\users\bojan\appdata\local\temp\lnk{94f0d590-84e7-4e74-81d2-3806bd2df892}.tmp
c:\users\bojan\appdata\local\temp\lnk{041cf3c8-ac76-4cca-af6b-a1a885cbd8ef}.tmp
c:\users\bojan\appdata\local\temp\lnk{e7ec4f55-4915-4040-9347-737a8e130570}.tmp
c:\users\bojan\appdata\local\temp\lnk{b2136983-42ee-498f-9949-3691c6983983}.tmp
c:\users\bojan\appdata\local\temp\lnk{ae6dbf09-6bde-497b-9825-f9248235352d}.tmp
c:\users\bojan\appdata\local\temp\lnk{8ff62ab4-aba1-424d-a60a-74270df45397}.tmp
c:\users\bojan\appdata\local\temp\lnk{13b7e81a-0d27-4bf4-ba53-0a8658819aa0}.tmp
c:\users\bojan\appdata\local\temp\lnk{f008db5d-86a4-43d8-a858-4a802015a2dd}.tmp
c:\users\bojan\appdata\local\temp\lnk{f076e596-dfd3-46cc-8bb5-5582d9092e39}.tmp
c:\users\bojan\appdata\local\temp\lnk{887dab65-f966-4590-90fc-e5a0403ab26a}.tmp
c:\users\bojan\appdata\local\temp\lnk{e2e2477b-e630-4716-8b9b-f943d92cbb3a}.tmp
c:\users\bojan\appdata\local\temp\lnk{71841a01-be96-4037-a7e1-f63a2cfa0b8e}.tmp
c:\users\bojan\appdata\local\temp\lnk{6786d17e-2f88-4df6-bd1a-f1219045e00d}.tmp
c:\users\bojan\appdata\local\temp\lnk{50fefbe7-4a13-4f09-a4ae-25d9f855a94d}.tmp
c:\users\bojan\appdata\local\temp\lnk{3f196549-c546-487c-b319-77d881afd0b3}.tmp
c:\users\bojan\appdata\local\temp\lnk{6cff3589-6511-4fac-9f73-62e600e98698}.tmp
c:\users\bojan\appdata\local\temp\lnk{ea1b1457-7b97-45a9-944c-33e002a2b38a}.tmp
c:\users\bojan\appdata\local\temp\lnk{b62fee25-4f24-459e-9bfd-5945b12a001f}.tmp
c:\users\bojan\appdata\local\temp\lnk{2ff04102-7d3f-40f3-b897-0c813442b7ca}.tmp
c:\users\bojan\appdata\local\temp\lnk{9441241d-a8c0-49b9-ad71-fe9bcb90a963}.tmp
c:\users\bojan\appdata\local\temp\lnk{6fdc88d2-78fc-4990-add9-5fa3982c438f}.tmp
c:\users\bojan\appdata\local\temp\lnk{7092b6c4-75a0-43f1-a177-a11ad3bf8a71}.tmp
c:\users\bojan\appdata\local\temp\lnk{907c59e9-ad91-4bc4-8bf1-c09627467d35}.tmp
c:\users\bojan\appdata\local\temp\lnk{ed3c4b9c-d0eb-407b-92cb-1a48e2634d79}.tmp
c:\users\bojan\appdata\local\temp\lnk{a4a898e2-972a-4b29-b602-0b27d91c78be}.tmp
c:\users\bojan\appdata\local\temp\lnk{8e55174e-e193-44e4-9f0e-f33c1d90572d}.tmp
c:\users\bojan\appdata\local\temp\lnk{a64b9024-f376-4f69-84fc-8ae426e4b8bd}.tmp
c:\users\bojan\appdata\local\temp\lnk{e0149049-c550-4f6e-a009-b31d8a12844d}.tmp
c:\users\bojan\appdata\local\temp\lnk{b69537c1-de87-448e-8430-8b2582488f72}.tmp
c:\users\bojan\appdata\local\temp\lnk{178197db-d776-4347-a2f9-7ad78aad69a4}.tmp
c:\users\bojan\appdata\local\temp\lnk{fc42ec78-06fb-4521-ba03-a7ed279debb9}.tmp
c:\users\bojan\appdata\local\temp\lnk{9ea6227a-8e3a-41a0-941f-86a2e78dca89}.tmp
c:\users\bojan\appdata\local\temp\lnk{d9912c50-3caa-4ffd-afc9-24f655d7e235}.tmp
c:\users\bojan\appdata\local\temp\lnk{352a5485-5cd4-43e5-8d68-9905625fda3c}.tmp
c:\users\bojan\appdata\local\temp\lnk{e385b10e-fa8d-4e5e-9b42-cea95b9ac62c}.tmp
c:\users\bojan\appdata\local\temp\lnk{bd0379e1-7f72-4001-b1c0-ecc5959d2e52}.tmp
c:\users\bojan\appdata\local\temp\lnk{317525f7-16ed-45dc-a955-ac88e7743244}.tmp
c:\users\bojan\appdata\local\temp\lnk{4cc2cc8f-7c25-4a64-bbf5-01202a1fbdd8}.tmp
c:\users\bojan\appdata\local\temp\lnk{0124f4f6-2364-4fd0-a18a-ec71bed898ca}.tmp
c:\users\bojan\appdata\local\temp\lnk{2c85f1f0-90e2-4b9e-93ea-d524344d7808}.tmp
c:\users\bojan\appdata\local\temp\lnk{cc553a8a-7830-48ab-80cd-ee90e9055d88}.tmp
c:\users\bojan\appdata\local\temp\lnk{e2e3ff7e-ba2c-4d30-8523-ce999d634d82}.tmp
c:\users\bojan\appdata\local\temp\lnk{d8ae44bc-1bb6-43fe-8e1b-0a08defbaf33}.tmp
c:\users\bojan\appdata\local\temp\lnk{77737071-74b2-4cc0-b358-fb27eaa96141}.tmp
c:\users\bojan\appdata\local\temp\lnk{da03b2de-2f2e-44e1-ae2d-57288ee3b402}.tmp
c:\users\bojan\appdata\local\temp\lnk{5f39d875-ebbe-4a28-b601-6320fb5b3516}.tmp
c:\users\bojan\appdata\local\temp\lnk{79f23a4d-c629-4da6-a4c3-c424ffe5744f}.tmp
c:\users\bojan\appdata\local\temp\lnk{59bcd89b-1576-473a-8055-76ab312c75a1}.tmp
c:\users\bojan\appdata\local\temp\lnk{101bf71a-f0bd-4f01-98f7-71b022c5dd5a}.tmp
c:\users\bojan\appdata\local\temp\lnk{914eae5b-1da1-4273-a34f-1a29f1a33962}.tmp
c:\users\bojan\appdata\local\temp\lnk{b6af7053-5a1f-4483-82b9-77eb5edeacaf}.tmp
c:\users\bojan\appdata\local\temp\lnk{221b1838-461c-411c-861b-19c4c7690a1e}.tmp
c:\users\bojan\appdata\local\temp\lnk{b2d8cf9f-ed63-4a9f-97d0-198bc6e5a420}.tmp
c:\users\bojan\appdata\local\temp\lnk{2ea3f47d-42fd-4080-b8e8-b108b695aaaf}.tmp
c:\users\bojan\appdata\local\temp\lnk{8cd5c3b5-f0e8-465c-b81d-5dcb150314f4}.tmp
c:\users\bojan\appdata\local\temp\lnk{13f3589d-18e8-4cbc-b2f4-65195690a081}.tmp
c:\users\bojan\appdata\local\temp\lnk{8df16bbb-f887-4103-9fd0-a58a3d6d6e64}.tmp
c:\users\bojan\appdata\local\temp\lnk{794f741f-b39d-40b1-8eb6-b57f04d0b6c0}.tmp
c:\users\bojan\appdata\local\temp\lnk{eaec3cf7-7411-4764-b528-b0b3d13ce0af}.tmp
c:\users\bojan\appdata\local\temp\lnk{d130215a-b5f5-44e6-ad49-9e69a6ae82c8}.tmp
c:\users\bojan\appdata\local\temp\lnk{70582f9d-7963-4cc0-92c8-403bf455875c}.tmp
c:\users\bojan\appdata\local\temp\lnk{04b17882-1af5-41e2-8001-e8ab23cd4a86}.tmp
c:\users\bojan\appdata\local\temp\lnk{ad9eea96-8909-4b7c-9293-6eb7a4d8b4e6}.tmp
c:\users\bojan\appdata\local\temp\lnk{bacd736b-993d-4686-a33a-5a44eb71a6a2}.tmp
c:\users\bojan\appdata\local\temp\lnk{e94c7517-42a4-47ea-853b-2843618fb094}.tmp
c:\users\bojan\appdata\local\temp\lnk{140692d0-28ee-4aac-9439-765897136e79}.tmp
c:\users\bojan\appdata\local\temp\lnk{cf3838e2-bd61-4319-83da-5c5fce9890c2}.tmp
c:\users\bojan\appdata\local\temp\lnk{8c6022ac-118c-4ea4-bb93-d77bf144c5aa}.tmp
c:\users\bojan\appdata\local\temp\lnk{24aa32fa-62c6-43c3-af79-2a586aaf7105}.tmp
c:\users\bojan\appdata\local\temp\lnk{b29a027b-4d59-47fd-a63d-81e244745694}.tmp
c:\users\bojan\appdata\local\temp\lnk{3c016b74-dbe9-49a2-bdef-ff2b506a69a3}.tmp
c:\users\bojan\appdata\local\temp\lnk{b99f9b93-e99c-4724-8d53-c5407cbc2db1}.tmp
c:\users\bojan\appdata\local\temp\lnk{4ec2e9d9-afc7-4bd8-898a-0060f8641c59}.tmp
c:\users\bojan\appdata\local\temp\lnk{2d185f4b-dd1b-4ec9-ac24-7ce0feea7841}.tmp
c:\users\bojan\appdata\local\temp\lnk{a1121926-6fe4-4fb6-9dfb-180c07c7afd5}.tmp
c:\users\bojan\appdata\local\temp\lnk{00bf4467-ab45-4d7d-814b-d064721f71a1}.tmp
c:\users\bojan\appdata\local\temp\lnk{4d09ac6d-965d-4be8-a5ba-aacdbf6530ee}.tmp
c:\users\bojan\appdata\local\temp\lnk{3dae4971-4360-4220-82c7-a520cecac86e}.tmp
c:\users\bojan\appdata\local\temp\lnk{ab8ae978-f983-4866-9249-6b73de88e87c}.tmp
c:\users\bojan\appdata\local\temp\lnk{6b0cfda4-187e-4b97-ae60-7afb713be65e}.tmp
c:\users\bojan\appdata\local\temp\lnk{8a61dd28-cf19-4d86-8fac-042df4c185b7}.tmp
c:\users\bojan\appdata\local\temp\lnk{89f351ca-4610-497d-9ff3-e9c6babe15f9}.tmp
c:\users\bojan\appdata\local\temp\lnk{374aa1ac-9a0d-4ab5-b9c4-227500d2c23b}.tmp
c:\users\bojan\appdata\local\temp\lnk{0a9f0a78-f4ed-4c4c-bf13-5d0873724cfb}.tmp
c:\users\bojan\appdata\local\temp\lnk{d0502b47-b5e1-41d1-be5a-530ecb14fab3}.tmp
c:\users\bojan\appdata\local\temp\lnk{88927cf1-ec9e-45ee-9247-8f459bdaf3df}.tmp
c:\users\bojan\appdata\local\temp\lnk{93643b3e-66ab-4756-b948-8f87e6cd82ec}.tmp
c:\users\bojan\appdata\local\temp\lnk{03734a24-87e4-4529-aaaf-4a33488d127f}.tmp
c:\users\bojan\appdata\local\temp\lnk{35d25fe1-c87c-4454-9693-d2fbb5432605}.tmp
c:\users\bojan\appdata\local\temp\lnk{0dc72eb0-e0da-4986-a805-de5fe632a5c0}.tmp
c:\users\bojan\appdata\local\temp\lnk{bdcca60f-2b40-4565-bf7a-d800371cb8b9}.tmp
c:\users\bojan\appdata\local\temp\lnk{25fb22cb-d978-489d-afa8-ad738b5a87dd}.tmp
c:\users\bojan\appdata\local\temp\lnk{427be67c-9f6f-4d7e-9b50-a52264356f10}.tmp
c:\users\bojan\appdata\local\temp\lnk{79da8ea0-bb6e-4bf0-a431-0514a7e7fe2a}.tmp
c:\users\bojan\appdata\local\temp\lnk{7c5b28eb-0af9-4aa1-b5ce-c6dc68bd85fc}.tmp
c:\users\bojan\appdata\local\temp\lnk{294094e7-0ede-4a15-bb84-2e3f06d95e19}.tmp
c:\users\bojan\appdata\local\temp\lnk{e6aa2918-92b8-4d9c-aab2-1d171b40e4b4}.tmp
c:\users\bojan\appdata\local\temp\lnk{34928657-9168-48d9-932c-1a80696915f4}.tmp
c:\users\bojan\appdata\local\temp\lnk{c2ea35f6-ffde-4ed2-8370-46d87b91a969}.tmp
c:\users\bojan\appdata\local\temp\lnk{113450f5-af32-4828-aaf6-57784be7d018}.tmp
c:\users\bojan\appdata\local\temp\lnk{456ad6b6-4ddd-4b97-b5e2-59cae549f318}.tmp
c:\users\bojan\appdata\local\temp\lnk{9beca9b6-8adc-4163-8920-d528205ee302}.tmp
c:\users\bojan\appdata\local\temp\lnk{699fb989-b38b-47d0-9ddd-33c92fa98b65}.tmp
c:\users\bojan\appdata\local\temp\lnk{5aa923b0-eae3-4d5c-acd8-9d8e04b42859}.tmp
c:\users\bojan\appdata\local\temp\lnk{cd623756-027d-4296-b59d-2fbb6d99cbe4}.tmp
c:\users\bojan\appdata\local\temp\lnk{40c5a229-dfa5-4235-827d-a4532dc4a5fa}.tmp
c:\users\bojan\appdata\local\temp\lnk{927eed64-b1db-4b1c-82bb-c86f33c12a59}.tmp
c:\users\bojan\appdata\local\temp\lnk{9aa1a94e-5141-4391-85d1-87437de7de58}.tmp
c:\users\bojan\appdata\local\temp\lnk{77e74df1-9d5a-4dde-80e1-fd53e328d285}.tmp
c:\users\bojan\appdata\local\temp\lnk{90b07697-051f-457c-a73b-80b4182e4c8c}.tmp
c:\users\bojan\appdata\local\temp\lnk{cc0387e2-6540-42db-ade2-3e6a7b9ba5fe}.tmp
c:\users\bojan\appdata\local\temp\lnk{ec3032d5-bc07-4e64-906c-0f7af009686a}.tmp
c:\users\bojan\appdata\local\temp\lnk{6054b537-60f7-4118-aff5-f1dfc9c02685}.tmp
c:\users\bojan\appdata\local\temp\lnk{e63870e4-3517-40a1-be9b-5f39797669e8}.tmp
c:\users\bojan\appdata\local\temp\lnk{983c8547-2505-4b52-90fc-ba2aa7248d51}.tmp
c:\users\bojan\appdata\local\temp\lnk{adc8cfc9-a110-4281-b670-58a4ac659552}.tmp
c:\users\bojan\appdata\local\temp\lnk{b50be1d8-b89e-4d68-8fa1-352f03388163}.tmp
c:\users\bojan\appdata\local\temp\lnk{c27e0436-cb59-4a76-b819-0d07ba11c923}.tmp
c:\users\bojan\appdata\local\temp\lnk{600ece13-71c0-455a-8184-6f972a6665d8}.tmp
c:\users\bojan\appdata\local\temp\lnk{e759cbd7-7bd7-4dff-bdae-64a070ec260c}.tmp
c:\users\bojan\appdata\local\temp\lnk{79cfdab2-01fa-404c-b0ee-abfb82b12b56}.tmp
c:\users\bojan\appdata\local\temp\lnk{c1a6c7b3-5075-44de-b814-bb2670a341a6}.tmp
c:\users\bojan\appdata\local\temp\lnk{595f7706-303f-4836-854f-d3df4da9de88}.tmp
c:\users\bojan\appdata\local\temp\lnk{4e5cb886-5800-4203-ac8d-4a19ffd88993}.tmp
c:\users\bojan\appdata\local\temp\lnk{507aff12-1100-4679-b4e8-6b5f8b9b4d79}.tmp
c:\users\bojan\appdata\local\temp\lnk{99398029-2ce6-49aa-bc8a-651bc9320d8b}.tmp
c:\users\bojan\appdata\local\temp\lnk{e1430149-98af-442a-9fb7-107048d18fc9}.tmp
c:\users\bojan\appdata\local\temp\lnk{2bd05772-21c7-42ec-947a-78cfb2c784dd}.tmp
c:\users\bojan\appdata\local\temp\lnk{2e648118-a0b1-4707-95a3-fab192abec28}.tmp
c:\users\bojan\appdata\local\temp\lnk{ed7948e3-a7e9-4452-ae60-a158169f16f7}.tmp
c:\users\bojan\appdata\local\temp\lnk{62a4b940-a464-4318-92a7-1a6e9af952c9}.tmp
c:\users\bojan\appdata\local\temp\lnk{b5e15172-52e1-4015-987b-910112190982}.tmp
c:\users\bojan\appdata\local\temp\lnk{4e8070c9-69d0-42f5-a017-47b1e1a39131}.tmp
c:\users\bojan\appdata\local\temp\lnk{45382b21-7334-497e-9888-3ee92d82deda}.tmp
c:\users\bojan\appdata\local\temp\lnk{00d30640-9b97-4839-af3d-8cca042ce5a9}.tmp
c:\users\bojan\appdata\local\temp\lnk{ef746d3d-aa43-4b59-805b-766292ce7da1}.tmp
c:\users\bojan\appdata\local\temp\lnk{611723dd-b3ec-4cfc-96e6-241293b6a1f2}.tmp
c:\users\bojan\appdata\local\temp\lnk{d3ec67d4-0651-4059-acee-f74b3d13acf6}.tmp
c:\users\bojan\appdata\local\temp\lnk{c66068dd-6e74-4835-893f-c38a763fc600}.tmp
c:\users\bojan\appdata\local\temp\lnk{2da88d1a-d0fe-4123-8290-68538cdae18e}.tmp
c:\users\bojan\appdata\local\temp\lnk{43488bda-82cd-45af-9033-79c1951b79ec}.tmp
c:\users\bojan\appdata\local\temp\lnk{4065a68a-12e1-4939-903b-207f018f8313}.tmp
c:\users\bojan\appdata\local\temp\lnk{ab090533-b7ac-45f4-a1bd-cb5bf7fa3c7d}.tmp
c:\users\bojan\appdata\local\temp\lnk{19d26a31-58bc-48cd-8e8d-2d2caa4af237}.tmp
c:\users\bojan\appdata\local\temp\lnk{57e606d6-63c9-4361-b0d3-e2281b6a7596}.tmp
c:\users\bojan\appdata\local\temp\lnk{b1b66f6b-4c29-474e-8f54-4b6746cb886b}.tmp
c:\users\bojan\appdata\local\temp\lnk{39729368-4a57-4fd9-876c-2f1bf10a2a96}.tmp
c:\users\bojan\appdata\local\temp\lnk{a1e83300-32c8-4747-868a-5f25a42ba127}.tmp
c:\users\bojan\appdata\local\temp\lnk{2c046438-64a9-4cdd-926b-8b78df080d9b}.tmp
c:\users\bojan\appdata\local\temp\lnk{783b5871-a07a-4f61-bf9a-d5d8bb857496}.tmp
c:\users\bojan\appdata\local\temp\lnk{c47bfbbd-e3ba-45e6-989c-472c959a685b}.tmp
c:\users\bojan\appdata\local\temp\lnk{033081eb-b6a1-418d-8eab-e1b391900f33}.tmp
c:\users\bojan\appdata\local\temp\lnk{b2fde3e2-785b-4403-bef5-4ed18ea57832}.tmp
c:\users\bojan\appdata\local\temp\lnk{313231b0-2c5a-40fb-9a89-97d59454fa5d}.tmp
c:\users\bojan\appdata\local\temp\lnk{da59fd6c-3f53-4559-b2e6-266eacb1d89b}.tmp
c:\users\bojan\appdata\local\temp\lnk{86bb527e-f72f-41df-9405-460db508cd77}.tmp
c:\users\bojan\appdata\local\temp\lnk{eeb52bb2-ef4c-40db-8ca2-ff3f43ea8939}.tmp
c:\users\bojan\appdata\local\temp\lnk{d50b2951-11a7-4387-8bf4-88747464b9d2}.tmp
c:\users\bojan\appdata\local\temp\lnk{1ca27b2c-9a5a-4860-9fcf-02902825ed3f}.tmp
c:\users\bojan\appdata\local\temp\lnk{26c8fa74-d502-407d-a374-30b5a0f98880}.tmp
c:\users\bojan\appdata\local\temp\lnk{7494a75c-9d4f-4a04-a4a8-8d1d38e7f95c}.tmp
c:\users\bojan\appdata\local\temp\lnk{cf3da2e1-951e-492a-acc5-d8ff8f199b95}.tmp
c:\users\bojan\appdata\local\temp\lnk{c9d125e9-de15-4bc3-8fb6-53572a83d2ec}.tmp
c:\users\bojan\appdata\local\temp\lnk{058a8be3-382c-448e-8e71-126bc3b7dafe}.tmp
c:\users\bojan\appdata\local\temp\lnk{e9b61b90-5ca9-4732-ad4a-0c2758f211c1}.tmp
c:\users\bojan\appdata\local\temp\lnk{ccb8141a-8fcc-4e17-94c6-8a12be4fdde7}.tmp
c:\users\bojan\appdata\local\temp\lnk{8db08f4a-cc00-4ae3-9c4b-02c110dcd69f}.tmp
c:\users\bojan\appdata\local\temp\lnk{e8b5998e-d553-4039-a3bf-867bbeac06ad}.tmp
c:\users\bojan\appdata\local\temp\lnk{acdad644-394b-4266-bd2b-d998294002fe}.tmp
c:\users\bojan\appdata\local\temp\lnk{4d6d1739-1242-4532-9b37-72de4550d3c0}.tmp
c:\users\bojan\appdata\local\temp\lnk{3e3c5d9d-6bef-470b-9574-dcaa2c4d0869}.tmp
c:\users\bojan\appdata\local\temp\lnk{1e5a4908-98b2-4c27-9ae4-26ae2e3966d4}.tmp
c:\users\bojan\appdata\local\temp\lnk{10e2901e-dde7-4a73-8b3a-fec911189875}.tmp
c:\users\bojan\appdata\local\temp\lnk{81bafa8b-0ff5-4b9a-ac12-3653eed7844d}.tmp
c:\users\bojan\appdata\local\temp\lnk{9f39cafe-f4e2-4b6e-84d2-2ce60ffa1879}.tmp
c:\users\bojan\appdata\local\temp\lnk{878da7e8-938c-43d4-a2cd-f25d21e4f055}.tmp
c:\users\bojan\appdata\local\temp\lnk{7994ff17-f0e2-457e-a131-383150991749}.tmp
c:\users\bojan\appdata\local\temp\lnk{b30e03f0-fd79-4a6c-a77d-ee0ddaff5666}.tmp
c:\users\bojan\appdata\local\temp\lnk{65af11bc-348c-4bdc-9c3a-57a95ce62d65}.tmp
c:\users\bojan\appdata\local\temp\lnk{a88377da-e6fd-43e0-a0b9-7fc9c0eacadd}.tmp
c:\users\bojan\appdata\local\temp\lnk{86c09ce9-35e7-415f-bcd0-39f8293deb13}.tmp
c:\users\bojan\appdata\local\temp\lnk{8bb2cc6b-233a-407f-95a0-b5a2913dbd3b}.tmp
c:\users\bojan\appdata\local\temp\lnk{4c17e125-c0ce-4bc4-9554-77a148aa5f48}.tmp
c:\users\bojan\appdata\local\temp\lnk{85cc14bc-5592-4447-a696-b72e76fca82c}.tmp
c:\users\bojan\appdata\local\temp\lnk{1718ae62-fc54-4004-b63f-edede6dc7c0b}.tmp
c:\users\bojan\appdata\local\temp\lnk{b6c8c6bd-5f98-43fb-8cb7-36c5c3cda8c3}.tmp
c:\users\bojan\appdata\local\temp\lnk{67c0d93d-70cf-48b2-8e95-90844fd61597}.tmp
c:\users\bojan\appdata\local\temp\lnk{123a4b31-1e1e-4bab-8728-af1cb1a29152}.tmp
c:\users\bojan\appdata\local\temp\lnk{2f017aac-fa06-405c-b48f-7e43371c0c97}.tmp
c:\users\bojan\appdata\local\temp\lnk{24358880-6c5e-4361-877c-359bcbf2f928}.tmp
c:\users\bojan\appdata\local\temp\lnk{a79405db-e38a-4e39-b586-c249373bc5aa}.tmp
c:\users\bojan\appdata\local\temp\lnk{f4b03b55-4d9c-4241-a6ef-30895f12b36d}.tmp
c:\users\bojan\appdata\local\temp\lnk{92045bd6-a2e0-40b6-824b-090d6c651638}.tmp
c:\users\bojan\appdata\local\temp\lnk{7a7f7789-1084-44c3-aba8-a8d5f21907cd}.tmp
c:\users\bojan\appdata\local\temp\lnk{2a920a2e-a19c-4cc5-923a-51cbbd04376c}.tmp
c:\users\bojan\appdata\local\temp\lnk{1f1c224b-87d6-4fd7-a4eb-96f556f6adcb}.tmp
c:\users\bojan\appdata\local\temp\lnk{b21644c0-fd55-4e70-ac5f-35f8cc1cbb5a}.tmp
c:\users\bojan\appdata\local\temp\lnk{52e980fd-faf0-4bb2-a886-b89d522ebb18}.tmp
c:\users\bojan\appdata\local\temp\lnk{fddf643c-cd80-4b79-8d9d-4353aa61a058}.tmp
c:\users\bojan\appdata\local\temp\lnk{75b8817f-b866-4f19-a2f1-e11136813df8}.tmp
c:\users\bojan\appdata\local\temp\lnk{110bd5c9-09d0-4e40-89ce-309c2563b633}.tmp
c:\users\bojan\appdata\local\temp\lnk{f2eb5dd4-3900-4f4c-8ab3-fd305cf23f51}.tmp
c:\users\bojan\appdata\local\temp\lnk{82bb18d0-1ecc-4693-9911-feebd1027f7d}.tmp
c:\users\bojan\appdata\local\temp\lnk{04de316c-6d61-4a51-a371-e64a3e1910ce}.tmp
c:\users\bojan\appdata\local\temp\lnk{d477a05d-ba43-4972-afbc-2b26fc3e3e08}.tmp
c:\users\bojan\appdata\local\temp\lnk{1492e684-9398-483a-b42a-25061ff13021}.tmp
c:\users\bojan\appdata\local\temp\lnk{7c5d3ae0-0389-4e63-acef-fd38e10adcc1}.tmp
c:\users\bojan\appdata\local\temp\lnk{7ff07202-e87c-47dc-8f7d-6fcbea851ce8}.tmp
c:\users\bojan\appdata\local\temp\lnk{24a14939-d1aa-41fa-b5a6-86a3b21a6d4c}.tmp
c:\users\bojan\appdata\local\temp\lnk{ba3dfff4-ab5e-4558-82bc-9ef2a9204316}.tmp
c:\users\bojan\appdata\local\temp\lnk{66c2a6db-432d-484d-85bd-034b8c9f7715}.tmp
c:\users\bojan\appdata\local\temp\lnk{fdb5a788-5942-48e2-a079-fb6767790b0a}.tmp
c:\users\bojan\appdata\local\temp\lnk{cb95fbdd-3dfa-4215-bb2a-1b8e4feafa8f}.tmp
c:\users\bojan\appdata\local\temp\lnk{fc3027b0-8210-4ef9-8370-aaceda616c43}.tmp
c:\users\bojan\appdata\local\temp\lnk{1764bb21-83e8-4223-b1bf-8660134af028}.tmp
c:\users\bojan\appdata\local\temp\lnk{5dbc0822-9ad1-4089-b8e2-92ea7ee1e380}.tmp
c:\users\bojan\appdata\local\temp\lnk{26d910d3-54b0-4095-81c1-2d01f6f4aa80}.tmp
c:\users\bojan\appdata\local\temp\lnk{5893a866-8686-4d4d-acb5-148fd1f0e17b}.tmp
c:\users\bojan\appdata\local\temp\lnk{1d444a4b-8e50-48d4-a6ac-d9b695e9eeb5}.tmp
c:\users\bojan\appdata\local\temp\lnk{fda24297-a982-4e48-be49-0f171d9ce810}.tmp
c:\users\bojan\appdata\local\temp\lnk{a43cfa30-6bf4-47e1-846a-d1a2cc337814}.tmp
c:\users\bojan\appdata\local\temp\lnk{50cb01ce-6fb1-4a92-8730-95ae1512197c}.tmp
c:\users\bojan\appdata\local\temp\lnk{1792ebb3-e177-4221-a467-043c8e386c4f}.tmp
c:\users\bojan\appdata\local\temp\lnk{d8d4babd-9353-467d-bfc8-e85246decac4}.tmp
c:\users\bojan\appdata\local\temp\lnk{118af017-bc67-4a9a-9905-7916504489a7}.tmp
c:\users\bojan\appdata\local\temp\lnk{e3ab8b1b-f237-4dab-bfb1-ee8b34fd0110}.tmp
c:\users\bojan\appdata\local\temp\lnk{3a1ae76c-cfae-47ab-bcf5-367781ff057f}.tmp
c:\users\bojan\appdata\local\temp\lnk{66816033-f137-4500-b5bb-568dabf2677b}.tmp
c:\users\bojan\appdata\local\temp\lnk{f7af6b5a-ce82-48cf-807b-7f80d06e4cfc}.tmp
c:\users\bojan\appdata\local\temp\lnk{52351eff-aa6f-40b5-b1ea-cb6190f4d8b5}.tmp
c:\users\bojan\appdata\local\temp\lnk{9b1e93ea-b07c-4109-8083-3dd043783198}.tmp
c:\users\bojan\appdata\local\temp\lnk{564bf89e-f97a-4b31-a399-878c5146eae2}.tmp
c:\users\bojan\appdata\local\temp\lnk{9838cd76-de8c-4dc7-a020-88ae889ab0b3}.tmp
c:\users\bojan\appdata\local\temp\lnk{c5a682c6-a4c3-482c-8c5c-42e54ec4635d}.tmp
c:\users\bojan\appdata\local\temp\lnk{de330acc-de74-44c7-977f-5204c64abfd4}.tmp
c:\users\bojan\appdata\local\temp\lnk{c8dcf39d-d93d-456d-b255-8edf3280f58e}.tmp
c:\users\bojan\appdata\local\temp\lnk{12fd1002-7c98-4795-8476-4d8c50062f9a}.tmp
c:\users\bojan\appdata\local\temp\lnk{d0205665-d88e-4725-ba18-45ebe72c5d87}.tmp
c:\users\bojan\appdata\local\temp\lnk{93f11a4e-0d8d-447d-858c-ad9f5386cc71}.tmp
c:\users\bojan\appdata\local\temp\lnk{485d902a-2be2-47d1-ad49-4c3f535bd2f2}.tmp
c:\users\bojan\appdata\local\temp\lnk{5769f8bd-e1b6-4968-837a-6501da16dfcc}.tmp
c:\users\bojan\appdata\local\temp\lnk{c9b505ca-3804-444d-9e32-8a2c1075c25e}.tmp
c:\users\bojan\appdata\local\temp\lnk{d6aa18fe-f020-4803-b248-a84b501af274}.tmp
c:\users\bojan\appdata\local\temp\lnk{a20cdf42-3cd3-428b-b76a-2b3ff154ca0e}.tmp
c:\users\bojan\appdata\local\temp\lnk{341bcb1c-1aee-4873-91b3-bcb04f7f43aa}.tmp
c:\users\bojan\appdata\local\temp\lnk{c2b12a86-1e09-4585-86cd-51f89317ef54}.tmp
c:\users\bojan\appdata\local\temp\lnk{eadb8cd9-2708-413b-a9ef-110f30dbf946}.tmp
c:\users\bojan\appdata\local\temp\lnk{14ffbfd6-76a8-411f-a24f-6ad5bf398dc2}.tmp
c:\users\bojan\appdata\local\temp\lnk{4a1338a4-144c-4d66-95bd-134ef95bf095}.tmp
c:\users\bojan\appdata\local\temp\lnk{765209a8-1ecb-41f0-8e7c-1088ba11bcfa}.tmp
c:\users\bojan\appdata\local\temp\lnk{743142bf-5eed-4b7d-89f2-fe8e8466c45b}.tmp
c:\users\bojan\appdata\local\temp\lnk{786b4cd1-d6f6-4eba-9d38-1e2c01fa4f99}.tmp
c:\users\bojan\appdata\local\temp\lnk{41a3b4a2-a774-446d-b544-78a6f1990af7}.tmp
c:\users\bojan\appdata\local\temp\lnk{3c732508-8a44-472c-aa49-00dbcef19a9a}.tmp
c:\users\bojan\appdata\local\temp\lnk{61610632-4c9f-4b00-8119-2dbce79f33d2}.tmp
c:\users\bojan\appdata\local\temp\lnk{ee1c7e5e-c25c-47d8-ad6d-9027d57b5935}.tmp
c:\users\bojan\appdata\local\temp\lnk{afe5a22d-f391-4946-b2bd-7a0da44d8cc1}.tmp
c:\users\bojan\appdata\local\temp\lnk{1c5cc742-8c2d-4e07-ae24-7f044d2244ae}.tmp
c:\users\bojan\appdata\local\temp\lnk{66d4435b-83bc-4ccf-9f8d-ebd2b33b6d75}.tmp
c:\users\bojan\desktop\siit\iv semestar\paralelno programiranje\integralprojekat\release\integralprojekat.exe
c:\users\bojan\desktop\siit\iv semestar\paralelno programiranje\integralprojekat\release\integralprojekat.pdb
c:\users\bojan\desktop\siit\iv semestar\paralelno programiranje\integralprojekat\integralprojekat\release\integralprojekat.tlog\icl-intelremotemonserver-intelremotemonagent-intelremotemonagent2.write.1.tlog
c:\users\bojan\desktop\siit\iv semestar\paralelno programiranje\integralprojekat\integralprojekat\release\integralprojekat.tlog\icl-intelremotemonserver-intelremotemonagent.read.1.tlog
c:\users\bojan\desktop\siit\iv semestar\paralelno programiranje\integralprojekat\integralprojekat\release\integralprojekat.tlog\icl-intelremotemonserver-intelremotemonagent.read.2.tlog
c:\users\bojan\desktop\siit\iv semestar\paralelno programiranje\integralprojekat\integralprojekat\release\integralprojekat.tlog\icl-intelremotemonserver-intelremotemonagent.read.3.tlog
c:\users\bojan\desktop\siit\iv semestar\paralelno programiranje\integralprojekat\integralprojekat\release\integralprojekat.tlog\icl-intelremotemonserver.read.1.tlog
c:\users\bojan\desktop\siit\iv semestar\paralelno programiranje\integralprojekat\integralprojekat\release\integralprojekat.tlog\icl-intelremotemonserver.read.12.tlog
c:\users\bojan\desktop\siit\iv semestar\paralelno programiranje\integralprojekat\integralprojekat\release\integralprojekat.tlog\icl-intelremotemonserver.read.121.tlog
c:\users\bojan\desktop\siit\iv semestar\paralelno programiranje\integralprojekat\integralprojekat\release\integralprojekat.tlog\icl-intelremotemonserver.read.14.tlog
c:\users\bojan\desktop\siit\iv semestar\paralelno programiranje\integralprojekat\integralprojekat\release\integralprojekat.tlog\icl-intelremotemonserver.read.15.tlog
c:\users\bojan\desktop\siit\iv semestar\paralelno programiranje\integralprojekat\integralprojekat\release\integralprojekat.tlog\icl-intelremotemonserver.read.18.tlog
c:\users\bojan\desktop\siit\iv semestar\paralelno programiranje\integralprojekat\integralprojekat\release\integralprojekat.tlog\icl-intelremotemonserver.read.2.tlog
c:\users\bojan\desktop\siit\iv semestar\paralelno programiranje\integralprojekat\integralprojekat\release\integralprojekat.tlog\icl-intelremotemonserver.read.3.tlog
c:\users\bojan\desktop\siit\iv semestar\paralelno programiranje\integralprojekat\integralprojekat\release\integralprojekat.tlog\icl-intelremotemonserver.read.37.tlog
c:\users\bojan\desktop\siit\iv semestar\paralelno programiranje\integralprojekat\integralprojekat\release\integralprojekat.tlog\icl-intelremotemonserver.read.45.tlog
c:\users\bojan\desktop\siit\iv semestar\paralelno programiranje\integralprojekat\integralprojekat\release\integralprojekat.tlog\icl-intelremotemonserver.read.6.tlog
c:\users\bojan\desktop\siit\iv semestar\paralelno programiranje\integralprojekat\integralprojekat\release\integralprojekat.tlog\icl-intelremotemonserver.read.7.tlog
c:\users\bojan\desktop\siit\iv semestar\paralelno programiranje\integralprojekat\integralprojekat\release\integralprojekat.tlog\icl-intelremotemonserver.read.8.tlog
c:\users\bojan\desktop\siit\iv semestar\paralelno programiranje\integralprojekat\integralprojekat\release\integralprojekat.tlog\icl-intelremotemonserver.read.9.tlog
c:\users\bojan\desktop\siit\iv semestar\paralelno programiranje\integralprojekat\integralprojekat\release\integralprojekat.tlog\icl-intelremotemonserver.write.2.tlog
c:\users\bojan\desktop\siit\iv semestar\paralelno programiranje\integralprojekat\integralprojekat\release\integralprojekat.tlog\icl-intelremotemonserver.write.3.tlog
c:\users\bojan\desktop\siit\iv semestar\paralelno programiranje\integralprojekat\integralprojekat\release\integralprojekat.tlog\icl-mcpcom.read.1.tlog
c:\users\bojan\desktop\siit\iv semestar\paralelno programiranje\integralprojekat\integralprojekat\release\integralprojekat.tlog\icl-mcpcom.write.1.tlog
c:\users\bojan\desktop\siit\iv semestar\paralelno programiranje\integralprojekat\integralprojekat\release\integralprojekat.tlog\icl.command.1.tlog
c:\users\bojan\desktop\siit\iv semestar\paralelno programiranje\integralprojekat\integralprojekat\release\integralprojekat.tlog\icl.read.1.tlog
c:\users\bojan\desktop\siit\iv semestar\paralelno programiranje\integralprojekat\integralprojekat\release\integralprojekat.tlog\icl.write.1.tlog
c:\users\bojan\desktop\siit\iv semestar\paralelno programiranje\integralprojekat\integralprojekat\release\integralprojekat.tlog\xilink-link-cvtres.read.1.tlog
c:\users\bojan\desktop\siit\iv semestar\paralelno programiranje\integralprojekat\integralprojekat\release\integralprojekat.tlog\xilink-link-cvtres.write.1.tlog
c:\users\bojan\desktop\siit\iv semestar\paralelno programiranje\integralprojekat\integralprojekat\release\integralprojekat.tlog\xilink-link-rc.read.1.tlog
c:\users\bojan\desktop\siit\iv semestar\paralelno programiranje\integralprojekat\integralprojekat\release\integralprojekat.tlog\xilink-link-rc.write.1.tlog
c:\users\bojan\desktop\siit\iv semestar\paralelno programiranje\integralprojekat\integralprojekat\release\integralprojekat.tlog\xilink-link.read.1.tlog
c:\users\bojan\desktop\siit\iv semestar\paralelno programiranje\integralprojekat\integralprojekat\release\integralprojekat.tlog\xilink-link.write.1.tlog
c:\users\bojan\desktop\siit\iv semestar\paralelno programiranje\integralprojekat\integralprojekat\release\integralprojekat.tlog\xilink-mcpcom.read.1.tlog
c:\users\bojan\desktop\siit\iv semestar\paralelno programiranje\integralprojekat\integralprojekat\release\integralprojekat.tlog\xilink-mcpcom.write.1.tlog
c:\users\bojan\desktop\siit\iv semestar\paralelno programiranje\integralprojekat\integralprojekat\release\integralprojekat.tlog\xilink.command.1.tlog
c:\users\bojan\desktop\siit\iv semestar\paralelno programiranje\integralprojekat\integralprojekat\release\integralprojekat.tlog\xilink.read.1.tlog
c:\users\bojan\desktop\siit\iv semestar\paralelno programiranje\integralprojekat\integralprojekat\release\integralprojekat.tlog\xilink.write.1.tlog
